# JRE version: OpenJDK Runtime Environment (8.0_76-b03) (build 1.8.0_76-release-b03)
# Java VM: OpenJDK 64-Bit Server VM (25.76-b03 mixed mode linux-amd64 compressed oops)
Heap:
 PSYoungGen      total 385024K, used 0K [0x00000000e0000000, 0x00000000ff900000, 0x0000000100000000)
  eden space 265728K, 0% used [0x00000000e0000000,0x00000000e0000000,0x00000000f0380000)
  from space 119296K, 0% used [0x00000000f0380000,0x00000000f0380000,0x00000000f7800000)
  to   space 113664K, 0% used [0x00000000f8a00000,0x00000000f8a00000,0x00000000ff900000)
 ParOldGen       total 520704K, used 418882K [0x00000000a0000000, 0x00000000bfc80000, 0x00000000e0000000)
  object space 520704K, 80% used [0x00000000a0000000,0x00000000b9910978,0x00000000bfc80000)
 Metaspace       used 63729K, capacity 65556K, committed 65792K, reserved 1105920K
  class space    used 8416K, capacity 8897K, committed 8960K, reserved 1048576K
GC Heap History (10 events):
Event: 210,334 GC heap after
Heap after GC invocations=106 (full 13):
 PSYoungGen      total 353792K, used 22944K [0x00000000e0000000, 0x00000000ffb00000, 0x0000000100000000)
  eden space 211968K, 0% used [0x00000000e0000000,0x00000000e0000000,0x00000000ecf00000)
  from space 141824K, 16% used [0x00000000ecf00000,0x00000000ee568000,0x00000000f5980000)
  to   space 139264K, 0% used [0x00000000f7300000,0x00000000f7300000,0x00000000ffb00000)
 ParOldGen       total 520704K, used 287562K [0x00000000a0000000, 0x00000000bfc80000, 0x00000000e0000000)
  object space 520704K, 55% used [0x00000000a0000000,0x00000000b18d2b10,0x00000000bfc80000)
 Metaspace       used 63721K, capacity 65556K, committed 65792K, reserved 1105920K
  class space    used 8416K, capacity 8897K, committed 8960K, reserved 1048576K
}
Event: 211,230 GC heap before
{Heap before GC invocations=107 (full 13):
 PSYoungGen      total 353792K, used 234912K [0x00000000e0000000, 0x00000000ffb00000, 0x0000000100000000)
  eden space 211968K, 100% used [0x00000000e0000000,0x00000000ecf00000,0x00000000ecf00000)
  from space 141824K, 16% used [0x00000000ecf00000,0x00000000ee568000,0x00000000f5980000)
  to   space 139264K, 0% used [0x00000000f7300000,0x00000000f7300000,0x00000000ffb00000)
 ParOldGen       total 520704K, used 287562K [0x00000000a0000000, 0x00000000bfc80000, 0x00000000e0000000)
  object space 520704K, 55% used [0x00000000a0000000,0x00000000b18d2b10,0x00000000bfc80000)
 Metaspace       used 63724K, capacity 65556K, committed 65792K, reserved 1105920K
  class space    used 8416K, capacity 8897K, committed 8960K, reserved 1048576K
Event: 211,452 GC heap after
Heap after GC invocations=107 (full 13):
 PSYoungGen      total 368640K, used 40800K [0x00000000e0000000, 0x00000000fef80000, 0x0000000100000000)
  eden space 241152K, 0% used [0x00000000e0000000,0x00000000e0000000,0x00000000eeb80000)
  from space 127488K, 32% used [0x00000000f7300000,0x00000000f9ad8000,0x00000000fef80000)
  to   space 133120K, 0% used [0x00000000eeb80000,0x00000000eeb80000,0x00000000f6d80000)
 ParOldGen       total 520704K, used 308162K [0x00000000a0000000, 0x00000000bfc80000, 0x00000000e0000000)
  object space 520704K, 59% used [0x00000000a0000000,0x00000000b2cf0b10,0x00000000bfc80000)
 Metaspace       used 63724K, capacity 65556K, committed 65792K, reserved 1105920K
  class space    used 8416K, capacity 8897K, committed 8960K, reserved 1048576K
}
Event: 212,029 GC heap before
{Heap before GC invocations=108 (full 13):
 PSYoungGen      total 368640K, used 281952K [0x00000000e0000000, 0x00000000fef80000, 0x0000000100000000)
  eden space 241152K, 100% used [0x00000000e0000000,0x00000000eeb80000,0x00000000eeb80000)
  from space 127488K, 32% used [0x00000000f7300000,0x00000000f9ad8000,0x00000000fef80000)
  to   space 133120K, 0% used [0x00000000eeb80000,0x00000000eeb80000,0x00000000f6d80000)
 ParOldGen       total 520704K, used 308162K [0x00000000a0000000, 0x00000000bfc80000, 0x00000000e0000000)
  object space 520704K, 59% used [0x00000000a0000000,0x00000000b2cf0b10,0x00000000bfc80000)
 Metaspace       used 63728K, capacity 65556K, committed 65792K, reserved 1105920K
  class space    used 8416K, capacity 8897K, committed 8960K, reserved 1048576K
Event: 212,253 GC heap after
Heap after GC invocations=108 (full 13):
 PSYoungGen      total 374272K, used 48160K [0x00000000e0000000, 0x00000000ff680000, 0x0000000100000000)
  eden space 241152K, 0% used [0x00000000e0000000,0x00000000e0000000,0x00000000eeb80000)
  from space 133120K, 36% used [0x00000000eeb80000,0x00000000f1a88000,0x00000000f6d80000)
  to   space 125440K, 0% used [0x00000000f7c00000,0x00000000f7c00000,0x00000000ff680000)
 ParOldGen       total 520704K, used 349050K [0x00000000a0000000, 0x00000000bfc80000, 0x00000000e0000000)
  object space 520704K, 67% used [0x00000000a0000000,0x00000000b54deb10,0x00000000bfc80000)
 Metaspace       used 63728K, capacity 65556K, committed 65792K, reserved 1105920K
  class space    used 8416K, capacity 8897K, committed 8960K, reserved 1048576K
}
Event: 212,919 GC heap before
{Heap before GC invocations=109 (full 13):
 PSYoungGen      total 374272K, used 289312K [0x00000000e0000000, 0x00000000ff680000, 0x0000000100000000)
  eden space 241152K, 100% used [0x00000000e0000000,0x00000000eeb80000,0x00000000eeb80000)
  from space 133120K, 36% used [0x00000000eeb80000,0x00000000f1a88000,0x00000000f6d80000)
  to   space 125440K, 0% used [0x00000000f7c00000,0x00000000f7c00000,0x00000000ff680000)
 ParOldGen       total 520704K, used 349050K [0x00000000a0000000, 0x00000000bfc80000, 0x00000000e0000000)
  object space 520704K, 67% used [0x00000000a0000000,0x00000000b54deb10,0x00000000bfc80000)
 Metaspace       used 63729K, capacity 65556K, committed 65792K, reserved 1105920K
  class space    used 8416K, capacity 8897K, committed 8960K, reserved 1048576K
Event: 213,125 GC heap after
Heap after GC invocations=109 (full 13):
 PSYoungGen      total 380928K, used 47552K [0x00000000e0000000, 0x00000000fec80000, 0x0000000100000000)
  eden space 265728K, 0% used [0x00000000e0000000,0x00000000e0000000,0x00000000f0380000)
  from space 115200K, 41% used [0x00000000f7c00000,0x00000000faa70000,0x00000000fec80000)
  to   space 119296K, 0% used [0x00000000f0380000,0x00000000f0380000,0x00000000f7800000)
 ParOldGen       total 520704K, used 395922K [0x00000000a0000000, 0x00000000bfc80000, 0x00000000e0000000)
  object space 520704K, 76% used [0x00000000a0000000,0x00000000b82a4b10,0x00000000bfc80000)
 Metaspace       used 63729K, capacity 65556K, committed 65792K, reserved 1105920K
  class space    used 8416K, capacity 8897K, committed 8960K, reserved 1048576K
}
Event: 214,408 GC heap before
{Heap before GC invocations=110 (full 13):
 PSYoungGen      total 380928K, used 313280K [0x00000000e0000000, 0x00000000fec80000, 0x0000000100000000)
  eden space 265728K, 100% used [0x00000000e0000000,0x00000000f0380000,0x00000000f0380000)
  from space 115200K, 41% used [0x00000000f7c00000,0x00000000faa70000,0x00000000fec80000)
  to   space 119296K, 0% used [0x00000000f0380000,0x00000000f0380000,0x00000000f7800000)
 ParOldGen       total 520704K, used 395922K [0x00000000a0000000, 0x00000000bfc80000, 0x00000000e0000000)
  object space 520704K, 76% used [0x00000000a0000000,0x00000000b82a4b10,0x00000000bfc80000)
 Metaspace       used 63729K, capacity 65556K, committed 65792K, reserved 1105920K
  class space    used 8416K, capacity 8897K, committed 8960K, reserved 1048576K
Event: 214,735 GC heap after
Heap after GC invocations=110 (full 13):
 PSYoungGen      total 385024K, used 45152K [0x00000000e0000000, 0x00000000ff900000, 0x0000000100000000)
  eden space 265728K, 0% used [0x00000000e0000000,0x00000000e0000000,0x00000000f0380000)
  from space 119296K, 37% used [0x00000000f0380000,0x00000000f2f98020,0x00000000f7800000)
  to   space 113664K, 0% used [0x00000000f8a00000,0x00000000f8a00000,0x00000000ff900000)
 ParOldGen       total 520704K, used 443178K [0x00000000a0000000, 0x00000000bfc80000, 0x00000000e0000000)
  object space 520704K, 85% used [0x00000000a0000000,0x00000000bb0ca810,0x00000000bfc80000)
 Metaspace       used 63729K, capacity 65556K, committed 65792K, reserved 1105920K
  class space    used 8416K, capacity 8897K, committed 8960K, reserved 1048576K
}
Event: 214,735 GC heap before
{Heap before GC invocations=111 (full 14):
 PSYoungGen      total 385024K, used 45152K [0x00000000e0000000, 0x00000000ff900000, 0x0000000100000000)
  eden space 265728K, 0% used [0x00000000e0000000,0x00000000e0000000,0x00000000f0380000)
  from space 119296K, 37% used [0x00000000f0380000,0x00000000f2f98020,0x00000000f7800000)
  to   space 113664K, 0% used [0x00000000f8a00000,0x00000000f8a00000,0x00000000ff900000)
 ParOldGen       total 520704K, used 443178K [0x00000000a0000000, 0x00000000bfc80000, 0x00000000e0000000)
  object space 520704K, 85% used [0x00000000a0000000,0x00000000bb0ca810,0x00000000bfc80000)
 Metaspace       used 63729K, capacity 65556K, committed 65792K, reserved 1105920K
  class space    used 8416K, capacity 8897K, committed 8960K, reserved 1048576K

